scw/0448/044800020010.001/swg.fits[1]
scw/0448/044800030010.001/swg.fits[1]
scw/0448/044800040010.001/swg.fits[1]
scw/0448/044800050010.001/swg.fits[1]
scw/0448/044800060010.001/swg.fits[1]
scw/0448/044800070010.001/swg.fits[1]
scw/0448/044800080010.001/swg.fits[1]
scw/0448/044800090010.001/swg.fits[1]
scw/0448/044800100010.001/swg.fits[1]
scw/0448/044800110010.001/swg.fits[1]
scw/0448/044800120010.001/swg.fits[1]
scw/0448/044800130010.001/swg.fits[1]
scw/0448/044800140010.001/swg.fits[1]
scw/0448/044800150010.001/swg.fits[1]
scw/0448/044800160010.001/swg.fits[1]
scw/0448/044800170010.001/swg.fits[1]
scw/0448/044800180010.001/swg.fits[1]
scw/0448/044800190010.001/swg.fits[1]
scw/0448/044800200010.001/swg.fits[1]
scw/0448/044800210010.001/swg.fits[1]
scw/0448/044800220010.001/swg.fits[1]
scw/0448/044800230010.001/swg.fits[1]
scw/0448/044800240010.001/swg.fits[1]
scw/0448/044800250010.001/swg.fits[1]
scw/0448/044800260010.001/swg.fits[1]
scw/0448/044800270010.001/swg.fits[1]
scw/0448/044800280010.001/swg.fits[1]
scw/0448/044800290010.001/swg.fits[1]
scw/0448/044800300010.001/swg.fits[1]
scw/0448/044800310010.001/swg.fits[1]
scw/0448/044800320010.001/swg.fits[1]
scw/0448/044800330010.001/swg.fits[1]
scw/0448/044800340010.001/swg.fits[1]
scw/0448/044800350010.001/swg.fits[1]
scw/0448/044800360010.001/swg.fits[1]
scw/0448/044800370010.001/swg.fits[1]
scw/0448/044800380010.001/swg.fits[1]
scw/0448/044800390010.001/swg.fits[1]
scw/0448/044800400010.001/swg.fits[1]
scw/0448/044800410010.001/swg.fits[1]
scw/0448/044800420010.001/swg.fits[1]
scw/0448/044800430010.001/swg.fits[1]
scw/0448/044800440010.001/swg.fits[1]
scw/0448/044800450010.001/swg.fits[1]
scw/0448/044800460010.001/swg.fits[1]
scw/0448/044800470010.001/swg.fits[1]
scw/0448/044800480010.001/swg.fits[1]
scw/0448/044800480020.001/swg.fits[1]
scw/0448/044800490010.001/swg.fits[1]
scw/0448/044800500010.001/swg.fits[1]
scw/0448/044800510010.001/swg.fits[1]
scw/0448/044800520010.001/swg.fits[1]
scw/0448/044800530010.001/swg.fits[1]
scw/0448/044800540010.001/swg.fits[1]
scw/0448/044800550010.001/swg.fits[1]
scw/0448/044800560010.001/swg.fits[1]
scw/0448/044800570010.001/swg.fits[1]
scw/0448/044800580010.001/swg.fits[1]
scw/0448/044800590010.001/swg.fits[1]
scw/0449/044900010010.001/swg.fits[1]
scw/0449/044900020010.001/swg.fits[1]
scw/0449/044900030010.001/swg.fits[1]
scw/0449/044900040010.001/swg.fits[1]
scw/0449/044900050010.001/swg.fits[1]
scw/0449/044900060010.001/swg.fits[1]
scw/0449/044900070010.001/swg.fits[1]
scw/0449/044900080010.001/swg.fits[1]
scw/0449/044900090010.001/swg.fits[1]
scw/0449/044900100010.001/swg.fits[1]
scw/0449/044900110010.001/swg.fits[1]
scw/0449/044900120010.001/swg.fits[1]
scw/0449/044900130010.001/swg.fits[1]
scw/0449/044900140010.001/swg.fits[1]
scw/0449/044900150010.001/swg.fits[1]
scw/0449/044900160010.001/swg.fits[1]
scw/0449/044900170010.001/swg.fits[1]
scw/0449/044900180010.001/swg.fits[1]
scw/0449/044900190010.001/swg.fits[1]
scw/0449/044900200010.001/swg.fits[1]
scw/0449/044900210010.001/swg.fits[1]
scw/0449/044900220010.001/swg.fits[1]
scw/0449/044900230010.001/swg.fits[1]
scw/0449/044900240010.001/swg.fits[1]
scw/0449/044900250010.001/swg.fits[1]
scw/0449/044900260010.001/swg.fits[1]
scw/0449/044900270010.001/swg.fits[1]
scw/0449/044900280010.001/swg.fits[1]
scw/0449/044900290010.001/swg.fits[1]
scw/0449/044900300010.001/swg.fits[1]
scw/0449/044900310010.001/swg.fits[1]
scw/0449/044900320010.001/swg.fits[1]
scw/0449/044900330010.001/swg.fits[1]
scw/0449/044900340010.001/swg.fits[1]
scw/0449/044900350010.001/swg.fits[1]
scw/0449/044900360010.001/swg.fits[1]
scw/0449/044900370010.001/swg.fits[1]
scw/0449/044900380010.001/swg.fits[1]
scw/0449/044900390010.001/swg.fits[1]
scw/0449/044900400010.001/swg.fits[1]
scw/0449/044900410010.001/swg.fits[1]
scw/0449/044900420010.001/swg.fits[1]
scw/0449/044900430010.001/swg.fits[1]
scw/0449/044900440010.001/swg.fits[1]
scw/0449/044900450010.001/swg.fits[1]
scw/0449/044900460010.001/swg.fits[1]
scw/0449/044900470010.001/swg.fits[1]
scw/0449/044900470020.001/swg.fits[1]
scw/0449/044900480010.001/swg.fits[1]
scw/0449/044900490010.001/swg.fits[1]
scw/0449/044900500010.001/swg.fits[1]
scw/0449/044900510010.001/swg.fits[1]
scw/0449/044900520010.001/swg.fits[1]
scw/0449/044900530010.001/swg.fits[1]
scw/0449/044900540010.001/swg.fits[1]
scw/0449/044900550010.001/swg.fits[1]
scw/0449/044900560010.001/swg.fits[1]
scw/0449/044900570010.001/swg.fits[1]
scw/0449/044900580010.001/swg.fits[1]
scw/0450/045000010010.001/swg.fits[1]
scw/0450/045000020010.001/swg.fits[1]
scw/0450/045000030010.001/swg.fits[1]
scw/0450/045000040010.001/swg.fits[1]
scw/0450/045000050010.001/swg.fits[1]
scw/0450/045000060010.001/swg.fits[1]
scw/0450/045000070010.001/swg.fits[1]
scw/0450/045000080010.001/swg.fits[1]
scw/0450/045000090010.001/swg.fits[1]
scw/0450/045000100010.001/swg.fits[1]
scw/0450/045000110010.001/swg.fits[1]
scw/0450/045000120010.001/swg.fits[1]
scw/0450/045000130010.001/swg.fits[1]
scw/0450/045000140010.001/swg.fits[1]
scw/0450/045000150010.001/swg.fits[1]
scw/0450/045000160010.001/swg.fits[1]
scw/0450/045000170010.001/swg.fits[1]
scw/0450/045000180010.001/swg.fits[1]
scw/0450/045000190010.001/swg.fits[1]
scw/0450/045000200010.001/swg.fits[1]
scw/0450/045000210010.001/swg.fits[1]
scw/0450/045000220010.001/swg.fits[1]
scw/0450/045000230010.001/swg.fits[1]
scw/0450/045000240010.001/swg.fits[1]
scw/0450/045000250010.001/swg.fits[1]
scw/0450/045000260010.001/swg.fits[1]
scw/0450/045000270010.001/swg.fits[1]
scw/0450/045000280010.001/swg.fits[1]
scw/0450/045000290010.001/swg.fits[1]
scw/0450/045000310010.001/swg.fits[1]
scw/0450/045000320010.001/swg.fits[1]
scw/0450/045000330010.001/swg.fits[1]
scw/0450/045000340010.001/swg.fits[1]
scw/0450/045000350010.001/swg.fits[1]
scw/0450/045000360010.001/swg.fits[1]
scw/0450/045000370010.001/swg.fits[1]
scw/0450/045000380010.001/swg.fits[1]
scw/0450/045000390010.001/swg.fits[1]
scw/0450/045000400010.001/swg.fits[1]
scw/0450/045000410010.001/swg.fits[1]
scw/0450/045000420010.001/swg.fits[1]
scw/0450/045000430010.001/swg.fits[1]
scw/0450/045000440010.001/swg.fits[1]
scw/0450/045000450010.001/swg.fits[1]
scw/0450/045000460010.001/swg.fits[1]
scw/0450/045000470010.001/swg.fits[1]
scw/0450/045000480010.001/swg.fits[1]
scw/0450/045000490010.001/swg.fits[1]
scw/0450/045000500010.001/swg.fits[1]
scw/0450/045000510010.001/swg.fits[1]
scw/0450/045000520010.001/swg.fits[1]
scw/0450/045000530010.001/swg.fits[1]
scw/0450/045000540010.001/swg.fits[1]
scw/0450/045000550010.001/swg.fits[1]
scw/0450/045000560010.001/swg.fits[1]
scw/0450/045000570010.001/swg.fits[1]
scw/0450/045000580010.001/swg.fits[1]
scw/0451/045100010010.001/swg.fits[1]
scw/0451/045100020010.001/swg.fits[1]
scw/0451/045100030010.001/swg.fits[1]
scw/0451/045100040010.001/swg.fits[1]
scw/0451/045100050010.001/swg.fits[1]
scw/0451/045100060010.001/swg.fits[1]
scw/0451/045100070010.001/swg.fits[1]
scw/0451/045100080010.001/swg.fits[1]
scw/0451/045100090010.001/swg.fits[1]
scw/0451/045100100010.001/swg.fits[1]
scw/0451/045100110010.001/swg.fits[1]
scw/0451/045100120010.001/swg.fits[1]
scw/0451/045100130010.001/swg.fits[1]
scw/0451/045100140010.001/swg.fits[1]
scw/0451/045100150010.001/swg.fits[1]
scw/0451/045100160010.001/swg.fits[1]
scw/0451/045100170010.001/swg.fits[1]
scw/0451/045100180010.001/swg.fits[1]
scw/0451/045100190010.001/swg.fits[1]
scw/0451/045100200010.001/swg.fits[1]
scw/0451/045100210010.001/swg.fits[1]
scw/0451/045100220010.001/swg.fits[1]
scw/0451/045100230010.001/swg.fits[1]
scw/0451/045100240010.001/swg.fits[1]
scw/0451/045100250010.001/swg.fits[1]
scw/0451/045100260010.001/swg.fits[1]
scw/0451/045100270010.001/swg.fits[1]
scw/0451/045100280010.001/swg.fits[1]
scw/0451/045100290010.001/swg.fits[1]
scw/0451/045100300010.001/swg.fits[1]
scw/0451/045100310010.001/swg.fits[1]
scw/0451/045100320010.001/swg.fits[1]
scw/0451/045100330010.001/swg.fits[1]
scw/0451/045100340010.001/swg.fits[1]
scw/0451/045100350010.001/swg.fits[1]
scw/0451/045100360010.001/swg.fits[1]
scw/0451/045100370010.001/swg.fits[1]
scw/0451/045100380010.001/swg.fits[1]
scw/0451/045100390010.001/swg.fits[1]
scw/0451/045100400010.001/swg.fits[1]
scw/0451/045100410010.001/swg.fits[1]
scw/0451/045100420010.001/swg.fits[1]
scw/0451/045100430010.001/swg.fits[1]
scw/0451/045100440010.001/swg.fits[1]
scw/0451/045100450010.001/swg.fits[1]
scw/0451/045100460010.001/swg.fits[1]
scw/0451/045100470010.001/swg.fits[1]
scw/0451/045100480010.001/swg.fits[1]
scw/0451/045100480020.001/swg.fits[1]
scw/0451/045100490010.001/swg.fits[1]
scw/0451/045100500010.001/swg.fits[1]
scw/0451/045100510010.001/swg.fits[1]
scw/0451/045100520010.001/swg.fits[1]
scw/0451/045100530010.001/swg.fits[1]
scw/0451/045100540010.001/swg.fits[1]
scw/0451/045100550010.001/swg.fits[1]
scw/0451/045100560010.001/swg.fits[1]
scw/0451/045100570010.001/swg.fits[1]
scw/0451/045100580010.001/swg.fits[1]
scw/0451/045100580020.001/swg.fits[1]
scw/0521/052100540010.001/swg.fits[1]
scw/0562/056200410010.001/swg.fits[1]
scw/0562/056200480010.001/swg.fits[1]
scw/0636/063600050010.001/swg.fits[1]
scw/0678/067800160010.001/swg.fits[1]
scw/0678/067800170010.001/swg.fits[1]
scw/0678/067800180010.001/swg.fits[1]
scw/0678/067800190010.001/swg.fits[1]
scw/0678/067800200010.001/swg.fits[1]
scw/0678/067800210010.001/swg.fits[1]
scw/0678/067800220010.001/swg.fits[1]
scw/0678/067800230010.001/swg.fits[1]
scw/0678/067800240010.001/swg.fits[1]
scw/0678/067800250010.001/swg.fits[1]
scw/0678/067800260010.001/swg.fits[1]
scw/0678/067800270010.001/swg.fits[1]
scw/0678/067800280010.001/swg.fits[1]
scw/0678/067800290010.001/swg.fits[1]
scw/0678/067800300010.001/swg.fits[1]
scw/0678/067800310010.001/swg.fits[1]
scw/0678/067800320010.001/swg.fits[1]
scw/0678/067800330010.001/swg.fits[1]
scw/0678/067800340010.001/swg.fits[1]
scw/0678/067800350010.001/swg.fits[1]
scw/0678/067800360010.001/swg.fits[1]
scw/0678/067800370010.001/swg.fits[1]
scw/0678/067800380010.001/swg.fits[1]
scw/0678/067800390010.001/swg.fits[1]
scw/0678/067800400010.001/swg.fits[1]
scw/0678/067800410010.001/swg.fits[1]
scw/0678/067800420010.001/swg.fits[1]
scw/0678/067800430010.001/swg.fits[1]
scw/0678/067800440010.001/swg.fits[1]
scw/0678/067800450010.001/swg.fits[1]
scw/0678/067800460010.001/swg.fits[1]
scw/0678/067800470010.001/swg.fits[1]
scw/0678/067800480010.001/swg.fits[1]
scw/0678/067800490010.001/swg.fits[1]
scw/0678/067800500010.001/swg.fits[1]
scw/0678/067800510010.001/swg.fits[1]
scw/0678/067800520010.001/swg.fits[1]
scw/0678/067800530010.001/swg.fits[1]
scw/0678/067800540010.001/swg.fits[1]
scw/0678/067800550010.001/swg.fits[1]
scw/0678/067800560010.001/swg.fits[1]
scw/0678/067800570010.001/swg.fits[1]
scw/0678/067800580010.001/swg.fits[1]
scw/0678/067800590010.001/swg.fits[1]
scw/0678/067800600010.001/swg.fits[1]
scw/0678/067800610010.001/swg.fits[1]
scw/0678/067800620010.001/swg.fits[1]
scw/0678/067800630010.001/swg.fits[1]
scw/0678/067800640010.001/swg.fits[1]
scw/0678/067800650010.001/swg.fits[1]
scw/0678/067800660010.001/swg.fits[1]
scw/0678/067800670010.001/swg.fits[1]
scw/0678/067800680010.001/swg.fits[1]
scw/0678/067800690010.001/swg.fits[1]
scw/0678/067800700010.001/swg.fits[1]
scw/0679/067900160010.001/swg.fits[1]
scw/0679/067900170010.001/swg.fits[1]
scw/0679/067900180010.001/swg.fits[1]
scw/0679/067900190010.001/swg.fits[1]
scw/0679/067900200010.001/swg.fits[1]
scw/0679/067900210010.001/swg.fits[1]
scw/0679/067900220010.001/swg.fits[1]
scw/0679/067900230010.001/swg.fits[1]
scw/0679/067900240010.001/swg.fits[1]
scw/0679/067900250010.001/swg.fits[1]
scw/0679/067900260010.001/swg.fits[1]
scw/0679/067900270010.001/swg.fits[1]
scw/0679/067900280010.001/swg.fits[1]
scw/0679/067900290010.001/swg.fits[1]
scw/0679/067900300010.001/swg.fits[1]
scw/0679/067900310010.001/swg.fits[1]
scw/0679/067900320010.001/swg.fits[1]
scw/0679/067900330010.001/swg.fits[1]
scw/0679/067900340010.001/swg.fits[1]
scw/0679/067900350010.001/swg.fits[1]
scw/0679/067900360010.001/swg.fits[1]
scw/0679/067900370010.001/swg.fits[1]
scw/0679/067900380010.001/swg.fits[1]
scw/0679/067900390010.001/swg.fits[1]
scw/0679/067900400010.001/swg.fits[1]
scw/0679/067900410010.001/swg.fits[1]
scw/0679/067900420010.001/swg.fits[1]
scw/0679/067900430010.001/swg.fits[1]
scw/0679/067900440010.001/swg.fits[1]
scw/0679/067900450010.001/swg.fits[1]
scw/0679/067900460010.001/swg.fits[1]
scw/0679/067900470010.001/swg.fits[1]
scw/0679/067900480010.001/swg.fits[1]
scw/0679/067900490010.001/swg.fits[1]
scw/0679/067900500010.001/swg.fits[1]
scw/0679/067900510010.001/swg.fits[1]
scw/0679/067900520010.001/swg.fits[1]
scw/0679/067900530010.001/swg.fits[1]
scw/0679/067900540010.001/swg.fits[1]
scw/0679/067900550010.001/swg.fits[1]
scw/0679/067900560010.001/swg.fits[1]
scw/0679/067900570010.001/swg.fits[1]
scw/0679/067900580010.001/swg.fits[1]
scw/0679/067900590010.001/swg.fits[1]
scw/0679/067900600010.001/swg.fits[1]
scw/0679/067900610010.001/swg.fits[1]
scw/0679/067900620010.001/swg.fits[1]
scw/0679/067900630010.001/swg.fits[1]
scw/0679/067900640010.001/swg.fits[1]
scw/0679/067900650010.001/swg.fits[1]
scw/0679/067900660010.001/swg.fits[1]
scw/0679/067900670010.001/swg.fits[1]
scw/0679/067900680010.001/swg.fits[1]
scw/0679/067900690010.001/swg.fits[1]
scw/0679/067900700010.001/swg.fits[1]
scw/0679/067900710010.001/swg.fits[1]
scw/0809/080900530010.001/swg.fits[1]
scw/0809/080900540010.001/swg.fits[1]
scw/0810/081000020010.001/swg.fits[1]
scw/0810/081000030010.001/swg.fits[1]
scw/0810/081000040010.001/swg.fits[1]
scw/0810/081000130010.001/swg.fits[1]
scw/0810/081000330010.001/swg.fits[1]
scw/0810/081000340010.001/swg.fits[1]
scw/0810/081000420010.001/swg.fits[1]
scw/0810/081000430010.001/swg.fits[1]
scw/0810/081000440010.001/swg.fits[1]
scw/0810/081000620010.001/swg.fits[1]
scw/0811/081100060010.001/swg.fits[1]
scw/0811/081100170010.001/swg.fits[1]
scw/0811/081100260010.001/swg.fits[1]
scw/0811/081100270010.001/swg.fits[1]
scw/0811/081100280010.001/swg.fits[1]
scw/0811/081100350010.001/swg.fits[1]
scw/0811/081100360010.001/swg.fits[1]
scw/0811/081100370010.001/swg.fits[1]
scw/0811/081100550010.001/swg.fits[1]
scw/1057/105700470010.001/swg.fits[1]
scw/1057/105700540010.001/swg.fits[1]
scw/1113/111300070010.001/swg.fits[1]
scw/1117/111700390010.001/swg.fits[1]
scw/1170/117000040010.001/swg.fits[1]
scw/1170/117000130010.001/swg.fits[1]
scw/1170/117000140010.001/swg.fits[1]
scw/1170/117000230010.001/swg.fits[1]
scw/1170/117000340010.001/swg.fits[1]
scw/1170/117000430010.001/swg.fits[1]
scw/1170/117000440010.001/swg.fits[1]
scw/1170/117000530010.001/swg.fits[1]
scw/1170/117000540010.001/swg.fits[1]
scw/1170/117000550010.001/swg.fits[1]
scw/1170/117000620010.001/swg.fits[1]
scw/1170/117000630010.001/swg.fits[1]
scw/1170/117000640010.001/swg.fits[1]
scw/1179/117900110010.001/swg.fits[1]
scw/1179/117900220010.001/swg.fits[1]
scw/1179/117900310010.001/swg.fits[1]
scw/1179/117900320010.001/swg.fits[1]
scw/1179/117900330010.001/swg.fits[1]
scw/1179/117900400010.001/swg.fits[1]
scw/1179/117900410010.001/swg.fits[1]
scw/1179/117900420010.001/swg.fits[1]
scw/1179/117900430010.001/swg.fits[1]
scw/1179/117900500010.001/swg.fits[1]
scw/1179/117900510010.001/swg.fits[1]
scw/1232/123200020010.001/swg.fits[1]
scw/1232/123200030010.001/swg.fits[1]
scw/1232/123200040010.001/swg.fits[1]
scw/1232/123200130010.001/swg.fits[1]
scw/1232/123200140010.001/swg.fits[1]
scw/1232/123200230010.001/swg.fits[1]
scw/1232/123200340010.001/swg.fits[1]
scw/1232/123200420010.001/swg.fits[1]
scw/1232/123200430010.001/swg.fits[1]
scw/1232/123200440010.001/swg.fits[1]
scw/1232/123200450010.001/swg.fits[1]
scw/1232/123200520010.001/swg.fits[1]
scw/1232/123200530010.001/swg.fits[1]
scw/1232/123200540010.001/swg.fits[1]
scw/1232/123200630010.001/swg.fits[1]
scw/1240/124000270010.001/swg.fits[1]
scw/1240/124000560010.001/swg.fits[1]
scw/1240/124000570010.001/swg.fits[1]
scw/1283/128300040010.001/swg.fits[1]
scw/1283/128300050010.001/swg.fits[1]
scw/1283/128300060010.001/swg.fits[1]
scw/1283/128300070010.001/swg.fits[1]
scw/1283/128300080010.001/swg.fits[1]
scw/1283/128300090010.001/swg.fits[1]
scw/1283/128300100010.001/swg.fits[1]
scw/1283/128300110010.001/swg.fits[1]
scw/1283/128300120010.001/swg.fits[1]
scw/1283/128300130010.001/swg.fits[1]
scw/1283/128300140010.001/swg.fits[1]
scw/1283/128300150010.001/swg.fits[1]
scw/1283/128300160010.001/swg.fits[1]
scw/1283/128300170010.001/swg.fits[1]
scw/1283/128300180010.001/swg.fits[1]
scw/1283/128300190010.001/swg.fits[1]
scw/1283/128300200010.001/swg.fits[1]
scw/1283/128300210010.001/swg.fits[1]
scw/1283/128300220010.001/swg.fits[1]
scw/1283/128300230010.001/swg.fits[1]
scw/1283/128300240010.001/swg.fits[1]
scw/1283/128300250010.001/swg.fits[1]
scw/1283/128300260010.001/swg.fits[1]
scw/1283/128300270010.001/swg.fits[1]
scw/1283/128300280010.001/swg.fits[1]
scw/1283/128300290010.001/swg.fits[1]
scw/1283/128300300010.001/swg.fits[1]
scw/1283/128300310010.001/swg.fits[1]
scw/1283/128300320010.001/swg.fits[1]
scw/1283/128300330010.001/swg.fits[1]
scw/1283/128300340010.001/swg.fits[1]
scw/1283/128300350010.001/swg.fits[1]
scw/1283/128300360010.001/swg.fits[1]
scw/1283/128300370010.001/swg.fits[1]
scw/1283/128300380010.001/swg.fits[1]
scw/1283/128300390010.001/swg.fits[1]
scw/1283/128300400010.001/swg.fits[1]
scw/1283/128300410010.001/swg.fits[1]
scw/1283/128300420010.001/swg.fits[1]
scw/1283/128300430010.001/swg.fits[1]
scw/1283/128300440010.001/swg.fits[1]
scw/1283/128300450010.001/swg.fits[1]
scw/1283/128300460010.001/swg.fits[1]
scw/1283/128300470010.001/swg.fits[1]
scw/1283/128300480010.001/swg.fits[1]
scw/1283/128300490010.001/swg.fits[1]
scw/1283/128300500010.001/swg.fits[1]
scw/1283/128300510010.001/swg.fits[1]
scw/1283/128300520010.001/swg.fits[1]
scw/1283/128300530010.001/swg.fits[1]
scw/1283/128300540010.001/swg.fits[1]
scw/1283/128300550010.001/swg.fits[1]
scw/1283/128300560010.001/swg.fits[1]
scw/1283/128300570010.001/swg.fits[1]
scw/1283/128300580010.001/swg.fits[1]
scw/1284/128400080010.001/swg.fits[1]
scw/1284/128400090010.001/swg.fits[1]
scw/1284/128400100010.001/swg.fits[1]
scw/1284/128400110010.001/swg.fits[1]
scw/1284/128400120010.001/swg.fits[1]
scw/1284/128400130010.001/swg.fits[1]
scw/1284/128400140010.001/swg.fits[1]
scw/1284/128400150010.001/swg.fits[1]
scw/1284/128400160010.001/swg.fits[1]
scw/1284/128400170010.001/swg.fits[1]
scw/1284/128400190010.001/swg.fits[1]
scw/1284/128400200010.001/swg.fits[1]
scw/1284/128400210010.001/swg.fits[1]
scw/1284/128400220010.001/swg.fits[1]
scw/1284/128400230010.001/swg.fits[1]
scw/1284/128400240010.001/swg.fits[1]
scw/1284/128400250010.001/swg.fits[1]
scw/1284/128400260010.001/swg.fits[1]
scw/1284/128400270010.001/swg.fits[1]
scw/1284/128400280010.001/swg.fits[1]
scw/1284/128400290010.001/swg.fits[1]
scw/1284/128400300010.001/swg.fits[1]
scw/1284/128400310010.001/swg.fits[1]
scw/1284/128400320010.001/swg.fits[1]
scw/1284/128400330010.001/swg.fits[1]
scw/1284/128400340010.001/swg.fits[1]
scw/1284/128400350010.001/swg.fits[1]
scw/1284/128400380010.001/swg.fits[1]
scw/1284/128400390010.001/swg.fits[1]
scw/1284/128400400010.001/swg.fits[1]
scw/1284/128400410010.001/swg.fits[1]
scw/1284/128400420010.001/swg.fits[1]
scw/1284/128400430010.001/swg.fits[1]
scw/1284/128400440010.001/swg.fits[1]
scw/1284/128400450010.001/swg.fits[1]
scw/1284/128400460010.001/swg.fits[1]
scw/1284/128400470010.001/swg.fits[1]
scw/1284/128400480010.001/swg.fits[1]
scw/1284/128400490010.001/swg.fits[1]
scw/1284/128400500010.001/swg.fits[1]
scw/1284/128400510010.001/swg.fits[1]
scw/1284/128400520010.001/swg.fits[1]
scw/1284/128400530010.001/swg.fits[1]
scw/1284/128400540010.001/swg.fits[1]
scw/1284/128400550010.001/swg.fits[1]
scw/1284/128400560010.001/swg.fits[1]
scw/1284/128400570010.001/swg.fits[1]
scw/1284/128400580010.001/swg.fits[1]
scw/1284/128400590010.001/swg.fits[1]
scw/1284/128400600010.001/swg.fits[1]
scw/1284/128400610010.001/swg.fits[1]
scw/1623/162300040010.001/swg.fits[1]
scw/1623/162300050010.001/swg.fits[1]
scw/1623/162300060010.001/swg.fits[1]
scw/1623/162300070010.001/swg.fits[1]
scw/1623/162300080010.001/swg.fits[1]
scw/1623/162300090010.001/swg.fits[1]
scw/1623/162300100010.001/swg.fits[1]
scw/1623/162300110010.001/swg.fits[1]
scw/1623/162300120010.001/swg.fits[1]
scw/1623/162300130010.001/swg.fits[1]
scw/1623/162300140010.001/swg.fits[1]
scw/1623/162300150010.001/swg.fits[1]
scw/1623/162300160010.001/swg.fits[1]
scw/1623/162300170010.001/swg.fits[1]
scw/1623/162300180010.001/swg.fits[1]
scw/1623/162300190010.001/swg.fits[1]
scw/1623/162300200010.001/swg.fits[1]
scw/1623/162300210010.001/swg.fits[1]
scw/1623/162300220010.001/swg.fits[1]
scw/1623/162300230010.001/swg.fits[1]
scw/1623/162300240010.001/swg.fits[1]
scw/1623/162300250010.001/swg.fits[1]
scw/1623/162300260010.001/swg.fits[1]
scw/1623/162300270010.001/swg.fits[1]
scw/1623/162300280010.001/swg.fits[1]
scw/1623/162300290010.001/swg.fits[1]
scw/1623/162300300010.001/swg.fits[1]
scw/1623/162300310010.001/swg.fits[1]
scw/1623/162300320010.001/swg.fits[1]
scw/1623/162300330010.001/swg.fits[1]
scw/1623/162300340010.001/swg.fits[1]
scw/1623/162300350010.001/swg.fits[1]
scw/1623/162300360010.001/swg.fits[1]
scw/1623/162300370010.001/swg.fits[1]
scw/1623/162300380010.001/swg.fits[1]
scw/1623/162300390010.001/swg.fits[1]
scw/1623/162300400010.001/swg.fits[1]
scw/1623/162300410010.001/swg.fits[1]
scw/1623/162300420010.001/swg.fits[1]
scw/1623/162300430010.001/swg.fits[1]
scw/1623/162300440010.001/swg.fits[1]
scw/1623/162300450010.001/swg.fits[1]
scw/1623/162300460010.001/swg.fits[1]
scw/1623/162300470010.001/swg.fits[1]
scw/1623/162300480010.001/swg.fits[1]
scw/1623/162300490010.001/swg.fits[1]
scw/1623/162300500010.001/swg.fits[1]
scw/1623/162300510010.001/swg.fits[1]
scw/1623/162300520010.001/swg.fits[1]
scw/1623/162300540010.001/swg.fits[1]
scw/1623/162300550010.001/swg.fits[1]
scw/1623/162300560010.001/swg.fits[1]
scw/1623/162300570010.001/swg.fits[1]
scw/1623/162300580010.001/swg.fits[1]
scw/1623/162300590010.001/swg.fits[1]
scw/1623/162300600010.001/swg.fits[1]
scw/1623/162300610010.001/swg.fits[1]
scw/1623/162300620010.001/swg.fits[1]
scw/1623/162300630010.001/swg.fits[1]
scw/1623/162300640010.001/swg.fits[1]
scw/1623/162300650010.001/swg.fits[1]
scw/1623/162300660010.001/swg.fits[1]
scw/1671/167100280010.001/swg.fits[1]
scw/2012/201200010010.001/swg.fits[1]
scw/2012/201200020010.001/swg.fits[1]
scw/2012/201200030010.001/swg.fits[1]
scw/2012/201200040010.001/swg.fits[1]
scw/2012/201200050010.001/swg.fits[1]
scw/2012/201200060010.001/swg.fits[1]
scw/2012/201200070010.001/swg.fits[1]
scw/2012/201200080010.001/swg.fits[1]
scw/2101/210100060010.001/swg.fits[1]
scw/2101/210100070010.001/swg.fits[1]
scw/2101/210100080010.001/swg.fits[1]
scw/2101/210100090010.001/swg.fits[1]
scw/2101/210100100010.001/swg.fits[1]
scw/2101/210100110010.001/swg.fits[1]
scw/2101/210100120010.001/swg.fits[1]
scw/2101/210100130010.001/swg.fits[1]
scw/2101/210100140010.001/swg.fits[1]
scw/2101/210100150010.001/swg.fits[1]
scw/2101/210100160010.001/swg.fits[1]
scw/2101/210100170010.001/swg.fits[1]
scw/2101/210100180010.001/swg.fits[1]
scw/2101/210100190010.001/swg.fits[1]
scw/2101/210100200010.001/swg.fits[1]
scw/2101/210100210010.001/swg.fits[1]
scw/2101/210100220010.001/swg.fits[1]
scw/2101/210100230010.001/swg.fits[1]
scw/2101/210100240010.001/swg.fits[1]
scw/2101/210100250010.001/swg.fits[1]
scw/2101/210100260010.001/swg.fits[1]
scw/2101/210100270010.001/swg.fits[1]
scw/2101/210100280010.001/swg.fits[1]
scw/2101/210100290010.001/swg.fits[1]
scw/2101/210100300010.001/swg.fits[1]
scw/2101/210100320010.001/swg.fits[1]
scw/2101/210100330010.001/swg.fits[1]
scw/2101/210100340010.001/swg.fits[1]
scw/2101/210100350010.001/swg.fits[1]
scw/2101/210100360010.001/swg.fits[1]
scw/2101/210100370010.001/swg.fits[1]
scw/2101/210100380010.001/swg.fits[1]
scw/2101/210100390010.001/swg.fits[1]
scw/2101/210100400010.001/swg.fits[1]
scw/2101/210100410010.001/swg.fits[1]
scw/2101/210100420010.001/swg.fits[1]
scw/2101/210100430010.001/swg.fits[1]
scw/2101/210100440010.001/swg.fits[1]
scw/2101/210100450010.001/swg.fits[1]
scw/2101/210100460010.001/swg.fits[1]
scw/2101/210100470010.001/swg.fits[1]
scw/2101/210100480010.001/swg.fits[1]
scw/2101/210100490010.001/swg.fits[1]
scw/2101/210100500010.001/swg.fits[1]
scw/2101/210100510010.001/swg.fits[1]
scw/2101/210100520010.001/swg.fits[1]
scw/2101/210100530010.001/swg.fits[1]
scw/2101/210100540010.001/swg.fits[1]
scw/2101/210100540020.001/swg.fits[1]
scw/2300/230000040010.001/swg.fits[1]
scw/2300/230000050010.001/swg.fits[1]
scw/2300/230000060010.001/swg.fits[1]
scw/2300/230000070010.001/swg.fits[1]
scw/2300/230000080010.001/swg.fits[1]
scw/2300/230000090010.001/swg.fits[1]
scw/2300/230000100010.001/swg.fits[1]
scw/2300/230000110010.001/swg.fits[1]
scw/2300/230000120010.001/swg.fits[1]
scw/2300/230000130010.001/swg.fits[1]
scw/2300/230000140010.001/swg.fits[1]
scw/2300/230000150010.001/swg.fits[1]
scw/2300/230000160010.001/swg.fits[1]
scw/2300/230000170010.001/swg.fits[1]
scw/2300/230000180010.001/swg.fits[1]
scw/2300/230000190010.001/swg.fits[1]
scw/2300/230000200010.001/swg.fits[1]
scw/2300/230000210010.001/swg.fits[1]
scw/2300/230000220010.001/swg.fits[1]
scw/2300/230000230010.001/swg.fits[1]
scw/2300/230000240010.001/swg.fits[1]
scw/2300/230000250010.001/swg.fits[1]
scw/2300/230000260010.001/swg.fits[1]
scw/2300/230000270010.001/swg.fits[1]
scw/2300/230000280010.001/swg.fits[1]
scw/2300/230000290010.001/swg.fits[1]
scw/2300/230000290020.001/swg.fits[1]
scw/2300/230000300010.001/swg.fits[1]
scw/2300/230000310010.001/swg.fits[1]
scw/2300/230000320010.001/swg.fits[1]
scw/2300/230000330010.001/swg.fits[1]
scw/2300/230000340010.001/swg.fits[1]
scw/2300/230000350010.001/swg.fits[1]
scw/2300/230000360010.001/swg.fits[1]
scw/2300/230000370010.001/swg.fits[1]
scw/2300/230000380010.001/swg.fits[1]
scw/2300/230000390010.001/swg.fits[1]
scw/2300/230000400010.001/swg.fits[1]
scw/2300/230000410010.001/swg.fits[1]
scw/2300/230000410020.001/swg.fits[1]
scw/2308/230800060010.001/swg.fits[1]
scw/2308/230800070010.001/swg.fits[1]
scw/2308/230800080010.001/swg.fits[1]
scw/2308/230800090010.001/swg.fits[1]
scw/2308/230800100010.001/swg.fits[1]
scw/2308/230800110010.001/swg.fits[1]
scw/2308/230800120010.001/swg.fits[1]
scw/2308/230800130010.001/swg.fits[1]
scw/2308/230800140010.001/swg.fits[1]
scw/2308/230800150010.001/swg.fits[1]
scw/2308/230800160010.001/swg.fits[1]
scw/2308/230800180010.001/swg.fits[1]
scw/2308/230800190010.001/swg.fits[1]
scw/2308/230800200010.001/swg.fits[1]
scw/2308/230800210010.001/swg.fits[1]
scw/2308/230800220010.001/swg.fits[1]
scw/2308/230800230010.001/swg.fits[1]
scw/2308/230800240010.001/swg.fits[1]
scw/2308/230800250010.001/swg.fits[1]
scw/2308/230800260010.001/swg.fits[1]
scw/2308/230800270010.001/swg.fits[1]
scw/2308/230800280010.001/swg.fits[1]
scw/2308/230800290010.001/swg.fits[1]
scw/2308/230800300010.001/swg.fits[1]
scw/2308/230800310010.001/swg.fits[1]
scw/2308/230800320010.001/swg.fits[1]
scw/2308/230800330010.001/swg.fits[1]
scw/2308/230800340010.001/swg.fits[1]
scw/2308/230800350010.001/swg.fits[1]
scw/2308/230800360010.001/swg.fits[1]
scw/2308/230800370010.001/swg.fits[1]
scw/2308/230800380010.001/swg.fits[1]
scw/2308/230800390010.001/swg.fits[1]
scw/2308/230800400010.001/swg.fits[1]
scw/2308/230800410010.001/swg.fits[1]
scw/2308/230800420010.001/swg.fits[1]
scw/2308/230800430010.001/swg.fits[1]
scw/2308/230800440010.001/swg.fits[1]
scw/2308/230800450010.001/swg.fits[1]
scw/2308/230800460010.001/swg.fits[1]
scw/2308/230800470010.001/swg.fits[1]
scw/2308/230800480010.001/swg.fits[1]
scw/2308/230800490010.001/swg.fits[1]
scw/2308/230800500010.001/swg.fits[1]
scw/2308/230800510010.001/swg.fits[1]
scw/2308/230800520010.001/swg.fits[1]
scw/2308/230800530010.001/swg.fits[1]
scw/2308/230800540010.001/swg.fits[1]
scw/2308/230800550010.001/swg.fits[1]
scw/2308/230800560010.001/swg.fits[1]
scw/2308/230800570010.001/swg.fits[1]
scw/2308/230800580010.001/swg.fits[1]
scw/2312/231200600010.001/swg.fits[1]
